<?xml version="1.0" encoding="UTF-8"?>
<testng-results skipped="0" failed="0" ignored="0" total="1" passed="1">
  <reporter-output>
  </reporter-output>
  <suite name="Default suite" duration-ms="32973" started-at="2020-04-06T06:35:22Z" finished-at="2020-04-06T06:35:55Z">
    <groups>
    </groups>
    <test name="Default test" duration-ms="32973" started-at="2020-04-06T06:35:22Z" finished-at="2020-04-06T06:35:55Z">
      <class name="pdf.reader.SimplePdfReaderTest">
        <test-method status="PASS" signature="test1()[pri:0, instance:pdf.reader.SimplePdfReaderTest@2ea227af]" name="test1" duration-ms="32944" started-at="2020-04-05T23:35:22Z" finished-at="2020-04-05T23:35:55Z">
          <reporter-output>
          </reporter-output>
        </test-method> <!-- test1 -->
      </class> <!-- pdf.reader.SimplePdfReaderTest -->
    </test> <!-- Default test -->
  </suite> <!-- Default suite -->
</testng-results>
