<?xml version="1.0" encoding="UTF-8"?>
<testng-results skipped="0" failed="1" ignored="0" total="2" passed="1">
  <reporter-output>
  </reporter-output>
  <suite name="Default suite" duration-ms="2500" started-at="2020-04-12T04:06:12Z" finished-at="2020-04-12T04:06:14Z">
    <groups>
    </groups>
    <test name="Default test" duration-ms="2500" started-at="2020-04-12T04:06:12Z" finished-at="2020-04-12T04:06:14Z">
      <class name="lab.parsing.TestParsing">
        <test-method status="PASS" signature="testParsingHTML1()[pri:0, instance:lab.parsing.TestParsing@25af5db5]" name="testParsingHTML1" duration-ms="2413" started-at="2020-04-12T04:06:12Z" finished-at="2020-04-12T04:06:14Z">
          <reporter-output>
          </reporter-output>
        </test-method> <!-- testParsingHTML1 -->
        <test-method status="FAIL" signature="testParsingJavascript()[pri:0, instance:lab.parsing.TestParsing@25af5db5]" name="testParsingJavascript" duration-ms="57" started-at="2020-04-12T04:06:14Z" finished-at="2020-04-12T04:06:14Z">
          <exception class="java.lang.IllegalStateException">
            <message>
              <![CDATA[The path to the driver executable must be set by the phantomjs.binary.path capability/system property/PATH variable; for more information, see https://github.com/ariya/phantomjs/wiki. The latest version can be downloaded from http://phantomjs.org/download.html]]>
            </message>
            <full-stacktrace>
              <![CDATA[java.lang.IllegalStateException: The path to the driver executable must be set by the phantomjs.binary.path capability/system property/PATH variable; for more information, see https://github.com/ariya/phantomjs/wiki. The latest version can be downloaded from http://phantomjs.org/download.html
at com.google.common.base.Preconditions.checkState(Preconditions.java:847)
at org.openqa.selenium.phantomjs.PhantomJSDriverService.findPhantomJS(PhantomJSDriverService.java:236)
at org.openqa.selenium.phantomjs.PhantomJSDriverService.createDefaultService(PhantomJSDriverService.java:181)
at org.openqa.selenium.phantomjs.PhantomJSDriver.<init>(PhantomJSDriver.java:105)
at lab.parsing.TestParsing.testParsingJavascript(TestParsing.java:45)
at sun.reflect.NativeMethodAccessorImpl.invoke0(Native Method)
at sun.reflect.NativeMethodAccessorImpl.invoke(Unknown Source)
at sun.reflect.DelegatingMethodAccessorImpl.invoke(Unknown Source)
at java.lang.reflect.Method.invoke(Unknown Source)
at org.testng.internal.MethodInvocationHelper.invokeMethod(MethodInvocationHelper.java:124)
at org.testng.internal.Invoker.invokeMethod(Invoker.java:583)
at org.testng.internal.Invoker.invokeTestMethod(Invoker.java:719)
at org.testng.internal.Invoker.invokeTestMethods(Invoker.java:989)
at org.testng.internal.TestMethodWorker.invokeTestMethods(TestMethodWorker.java:125)
at org.testng.internal.TestMethodWorker.run(TestMethodWorker.java:109)
at org.testng.TestRunner.privateRun(TestRunner.java:648)
at org.testng.TestRunner.run(TestRunner.java:505)
at org.testng.SuiteRunner.runTest(SuiteRunner.java:455)
at org.testng.SuiteRunner.runSequentially(SuiteRunner.java:450)
at org.testng.SuiteRunner.privateRun(SuiteRunner.java:415)
at org.testng.SuiteRunner.run(SuiteRunner.java:364)
at org.testng.SuiteRunnerWorker.runSuite(SuiteRunnerWorker.java:52)
at org.testng.SuiteRunnerWorker.run(SuiteRunnerWorker.java:84)
at org.testng.TestNG.runSuitesSequentially(TestNG.java:1208)
at org.testng.TestNG.runSuitesLocally(TestNG.java:1137)
at org.testng.TestNG.runSuites(TestNG.java:1049)
at org.testng.TestNG.run(TestNG.java:1017)
at org.testng.remote.AbstractRemoteTestNG.run(AbstractRemoteTestNG.java:114)
at org.testng.remote.RemoteTestNG.initAndRun(RemoteTestNG.java:251)
at org.testng.remote.RemoteTestNG.main(RemoteTestNG.java:77)
]]>
            </full-stacktrace>
          </exception> <!-- java.lang.IllegalStateException -->
          <reporter-output>
          </reporter-output>
        </test-method> <!-- testParsingJavascript -->
      </class> <!-- lab.parsing.TestParsing -->
    </test> <!-- Default test -->
  </suite> <!-- Default suite -->
</testng-results>
